{"__type":"$$EventMessageWorkflow","id":"342e545b-f16b-4cce-a83d-89c2c41c2a7d","ts":"2025-06-17T09:41:22.559+00:00","eventName":"n8n.workflow.started","message":"n8n.workflow.started","payload":{"executionId":"141","workflowId":"FDv1up6hFWzCsVyH","isManual":false,"workflowName":"Custom Node"}}
{"__type":"$$EventMessageConfirm","confirm":"342e545b-f16b-4cce-a83d-89c2c41c2a7d","ts":"2025-06-17T09:41:22.559+00:00","source":{"id":"0","name":"eventBus"}}
{"__type":"$$EventMessageNode","id":"7685e72c-eb71-4913-97d2-51467f912889","ts":"2025-06-17T09:41:22.562+00:00","eventName":"n8n.node.started","message":"n8n.node.started","payload":{"workflowId":"FDv1up6hFWzCsVyH","workflowName":"Custom Node","executionId":"141","nodeType":"n8n-nodes-base.manualTrigger","nodeName":"When clicking ‘Execute workflow’"}}
{"__type":"$$EventMessageConfirm","confirm":"7685e72c-eb71-4913-97d2-51467f912889","ts":"2025-06-17T09:41:22.562+00:00","source":{"id":"0","name":"eventBus"}}
{"__type":"$$EventMessageNode","id":"78cc4bbd-d066-4ac7-a121-111ad4ec8e53","ts":"2025-06-17T09:41:22.565+00:00","eventName":"n8n.node.finished","message":"n8n.node.finished","payload":{"workflowId":"FDv1up6hFWzCsVyH","workflowName":"Custom Node","executionId":"141","nodeType":"n8n-nodes-base.manualTrigger","nodeName":"When clicking ‘Execute workflow’"}}
{"__type":"$$EventMessageConfirm","confirm":"78cc4bbd-d066-4ac7-a121-111ad4ec8e53","ts":"2025-06-17T09:41:22.566+00:00","source":{"id":"0","name":"eventBus"}}
{"__type":"$$EventMessageNode","id":"63733db7-0088-440b-9f19-a640302ab7c5","ts":"2025-06-17T09:41:22.566+00:00","eventName":"n8n.node.started","message":"n8n.node.started","payload":{"workflowId":"FDv1up6hFWzCsVyH","workflowName":"Custom Node","executionId":"141","nodeType":"CUSTOM.CityWeather","nodeName":"City Weather"}}
{"__type":"$$EventMessageConfirm","confirm":"63733db7-0088-440b-9f19-a640302ab7c5","ts":"2025-06-17T09:41:22.566+00:00","source":{"id":"0","name":"eventBus"}}
{"__type":"$$EventMessageNode","id":"cddfb25f-ff2d-4d86-afc4-a84fa67de3d5","ts":"2025-06-17T05:41:22.722-04:00","eventName":"n8n.node.finished","message":"n8n.node.finished","payload":{"workflowId":"FDv1up6hFWzCsVyH","workflowName":"Custom Node","executionId":"141","nodeType":"CUSTOM.CityWeather","nodeName":"City Weather"}}
{"__type":"$$EventMessageConfirm","confirm":"cddfb25f-ff2d-4d86-afc4-a84fa67de3d5","ts":"2025-06-17T05:41:22.722-04:00","source":{"id":"0","name":"eventBus"}}
{"__type":"$$EventMessageWorkflow","id":"8520b58a-cd15-4502-937a-fa9844b1566a","ts":"2025-06-17T05:41:22.725-04:00","eventName":"n8n.workflow.success","message":"n8n.workflow.success","payload":{"executionId":"141","userId":"177d7beb-9df2-4f7e-a3a1-f40276ca3c97","success":true,"isManual":true,"workflowId":"FDv1up6hFWzCsVyH","workflowName":"Custom Node"}}
{"__type":"$$EventMessageConfirm","confirm":"8520b58a-cd15-4502-937a-fa9844b1566a","ts":"2025-06-17T05:41:22.725-04:00","source":{"id":"0","name":"eventBus"}}
{"__type":"$$EventMessageAudit","id":"f23f3029-14ea-4978-b858-5fc3531c4772","ts":"2025-06-17T05:41:25.947-04:00","eventName":"n8n.audit.workflow.updated","message":"n8n.audit.workflow.updated","payload":{"userId":"177d7beb-9df2-4f7e-a3a1-f40276ca3c97","_email":"lehung1562@gmail.com","_firstName":"Le","_lastName":"Hung","globalRole":"global:owner","workflowId":"FDv1up6hFWzCsVyH","workflowName":"Custom Node"}}
{"__type":"$$EventMessageConfirm","confirm":"f23f3029-14ea-4978-b858-5fc3531c4772","ts":"2025-06-17T05:41:25.948-04:00","source":{"id":"0","name":"eventBus"}}
{"__type":"$$EventMessageWorkflow","id":"6786d230-8344-4e85-a39d-6a074c70eb8b","ts":"2025-06-17T05:42:18.609-04:00","eventName":"n8n.workflow.started","message":"n8n.workflow.started","payload":{"executionId":"142","workflowId":"FDv1up6hFWzCsVyH","isManual":false,"workflowName":"Custom Node"}}
{"__type":"$$EventMessageConfirm","confirm":"6786d230-8344-4e85-a39d-6a074c70eb8b","ts":"2025-06-17T05:42:18.609-04:00","source":{"id":"0","name":"eventBus"}}
{"__type":"$$EventMessageWorkflow","id":"81913b5a-f5f9-4426-948f-995d31e1c31a","ts":"2025-06-17T05:42:18.611-04:00","eventName":"n8n.workflow.success","message":"n8n.workflow.success","payload":{"executionId":"142","userId":"177d7beb-9df2-4f7e-a3a1-f40276ca3c97","success":true,"isManual":true,"workflowId":"FDv1up6hFWzCsVyH","workflowName":"Custom Node"}}
{"__type":"$$EventMessageConfirm","confirm":"81913b5a-f5f9-4426-948f-995d31e1c31a","ts":"2025-06-17T05:42:18.611-04:00","source":{"id":"0","name":"eventBus"}}
{"__type":"$$EventMessageWorkflow","id":"26a9a6d1-d2bf-4023-afbb-d53ceb148b8c","ts":"2025-06-17T05:42:39.683-04:00","eventName":"n8n.workflow.started","message":"n8n.workflow.started","payload":{"executionId":"143","workflowId":"FDv1up6hFWzCsVyH","isManual":false,"workflowName":"Custom Node"}}
{"__type":"$$EventMessageConfirm","confirm":"26a9a6d1-d2bf-4023-afbb-d53ceb148b8c","ts":"2025-06-17T05:42:39.683-04:00","source":{"id":"0","name":"eventBus"}}
{"__type":"$$EventMessageNode","id":"a68ac26c-0088-4004-b97d-e6302859d833","ts":"2025-06-17T05:42:39.684-04:00","eventName":"n8n.node.started","message":"n8n.node.started","payload":{"workflowId":"FDv1up6hFWzCsVyH","workflowName":"Custom Node","executionId":"143","nodeType":"CUSTOM.CityWeather","nodeName":"City Weather"}}
{"__type":"$$EventMessageConfirm","confirm":"a68ac26c-0088-4004-b97d-e6302859d833","ts":"2025-06-17T05:42:39.684-04:00","source":{"id":"0","name":"eventBus"}}
{"__type":"$$EventMessageNode","id":"8472b28d-7c0d-4879-af4c-a50da9c165fb","ts":"2025-06-17T05:42:39.785-04:00","eventName":"n8n.node.finished","message":"n8n.node.finished","payload":{"workflowId":"FDv1up6hFWzCsVyH","workflowName":"Custom Node","executionId":"143","nodeType":"CUSTOM.CityWeather","nodeName":"City Weather"}}
{"__type":"$$EventMessageConfirm","confirm":"8472b28d-7c0d-4879-af4c-a50da9c165fb","ts":"2025-06-17T05:42:39.785-04:00","source":{"id":"0","name":"eventBus"}}
{"__type":"$$EventMessageWorkflow","id":"abd4229f-80cb-4671-a5e0-4979228ef57a","ts":"2025-06-17T05:42:39.788-04:00","eventName":"n8n.workflow.success","message":"n8n.workflow.success","payload":{"executionId":"143","userId":"177d7beb-9df2-4f7e-a3a1-f40276ca3c97","success":true,"isManual":true,"workflowId":"FDv1up6hFWzCsVyH","workflowName":"Custom Node"}}
{"__type":"$$EventMessageConfirm","confirm":"abd4229f-80cb-4671-a5e0-4979228ef57a","ts":"2025-06-17T05:42:39.788-04:00","source":{"id":"0","name":"eventBus"}}
{"__type":"$$EventMessageWorkflow","id":"4fe43428-ce60-42e6-9704-6d38dc1da2c0","ts":"2025-06-17T05:43:06.652-04:00","eventName":"n8n.workflow.started","message":"n8n.workflow.started","payload":{"executionId":"144","workflowId":"FDv1up6hFWzCsVyH","isManual":false,"workflowName":"Custom Node"}}
{"__type":"$$EventMessageConfirm","confirm":"4fe43428-ce60-42e6-9704-6d38dc1da2c0","ts":"2025-06-17T05:43:06.653-04:00","source":{"id":"0","name":"eventBus"}}
{"__type":"$$EventMessageNode","id":"52f1886d-2fc2-4a43-9be8-fee2ca32e44b","ts":"2025-06-17T05:43:06.654-04:00","eventName":"n8n.node.started","message":"n8n.node.started","payload":{"workflowId":"FDv1up6hFWzCsVyH","workflowName":"Custom Node","executionId":"144","nodeType":"CUSTOM.CityWeather","nodeName":"City Weather"}}
{"__type":"$$EventMessageConfirm","confirm":"52f1886d-2fc2-4a43-9be8-fee2ca32e44b","ts":"2025-06-17T05:43:06.654-04:00","source":{"id":"0","name":"eventBus"}}
{"__type":"$$EventMessageNode","id":"261d7a27-8aae-45ff-b407-4e4e0acdcf4a","ts":"2025-06-17T05:43:06.765-04:00","eventName":"n8n.node.finished","message":"n8n.node.finished","payload":{"workflowId":"FDv1up6hFWzCsVyH","workflowName":"Custom Node","executionId":"144","nodeType":"CUSTOM.CityWeather","nodeName":"City Weather"}}
{"__type":"$$EventMessageConfirm","confirm":"261d7a27-8aae-45ff-b407-4e4e0acdcf4a","ts":"2025-06-17T05:43:06.765-04:00","source":{"id":"0","name":"eventBus"}}
{"__type":"$$EventMessageWorkflow","id":"7e3cb164-dea6-4637-98f9-3225d6ccb689","ts":"2025-06-17T05:43:06.766-04:00","eventName":"n8n.workflow.success","message":"n8n.workflow.success","payload":{"executionId":"144","userId":"177d7beb-9df2-4f7e-a3a1-f40276ca3c97","success":true,"isManual":true,"workflowId":"FDv1up6hFWzCsVyH","workflowName":"Custom Node"}}
{"__type":"$$EventMessageConfirm","confirm":"7e3cb164-dea6-4637-98f9-3225d6ccb689","ts":"2025-06-17T05:43:06.766-04:00","source":{"id":"0","name":"eventBus"}}
{"__type":"$$EventMessageWorkflow","id":"d3963e78-a69d-4a48-81bc-f86df8911f12","ts":"2025-06-17T05:43:29.326-04:00","eventName":"n8n.workflow.started","message":"n8n.workflow.started","payload":{"executionId":"145","workflowId":"FDv1up6hFWzCsVyH","isManual":false,"workflowName":"Custom Node"}}
{"__type":"$$EventMessageConfirm","confirm":"d3963e78-a69d-4a48-81bc-f86df8911f12","ts":"2025-06-17T05:43:29.329-04:00","source":{"id":"0","name":"eventBus"}}
{"__type":"$$EventMessageNode","id":"c02c619f-f2f2-41ae-b6b5-425f80d335a9","ts":"2025-06-17T05:43:29.329-04:00","eventName":"n8n.node.started","message":"n8n.node.started","payload":{"workflowId":"FDv1up6hFWzCsVyH","workflowName":"Custom Node","executionId":"145","nodeType":"CUSTOM.CityWeather","nodeName":"City Weather"}}
{"__type":"$$EventMessageConfirm","confirm":"c02c619f-f2f2-41ae-b6b5-425f80d335a9","ts":"2025-06-17T05:43:29.330-04:00","source":{"id":"0","name":"eventBus"}}
{"__type":"$$EventMessageNode","id":"f353f6b6-21f9-4877-b1e6-50889d36bddd","ts":"2025-06-17T05:43:29.434-04:00","eventName":"n8n.node.finished","message":"n8n.node.finished","payload":{"workflowId":"FDv1up6hFWzCsVyH","workflowName":"Custom Node","executionId":"145","nodeType":"CUSTOM.CityWeather","nodeName":"City Weather"}}
{"__type":"$$EventMessageConfirm","confirm":"f353f6b6-21f9-4877-b1e6-50889d36bddd","ts":"2025-06-17T05:43:29.434-04:00","source":{"id":"0","name":"eventBus"}}
{"__type":"$$EventMessageWorkflow","id":"9424eed9-be1a-4943-9fb5-bb015ceec97e","ts":"2025-06-17T05:43:29.436-04:00","eventName":"n8n.workflow.success","message":"n8n.workflow.success","payload":{"executionId":"145","userId":"177d7beb-9df2-4f7e-a3a1-f40276ca3c97","success":true,"isManual":true,"workflowId":"FDv1up6hFWzCsVyH","workflowName":"Custom Node"}}
{"__type":"$$EventMessageConfirm","confirm":"9424eed9-be1a-4943-9fb5-bb015ceec97e","ts":"2025-06-17T05:43:29.436-04:00","source":{"id":"0","name":"eventBus"}}
{"__type":"$$EventMessageAudit","id":"7e29f09d-bdfa-406b-aa3f-8a15f7b864e3","ts":"2025-06-17T05:43:43.280-04:00","eventName":"n8n.audit.workflow.updated","message":"n8n.audit.workflow.updated","payload":{"userId":"177d7beb-9df2-4f7e-a3a1-f40276ca3c97","_email":"lehung1562@gmail.com","_firstName":"Le","_lastName":"Hung","globalRole":"global:owner","workflowId":"FDv1up6hFWzCsVyH","workflowName":"Custom Node"}}
{"__type":"$$EventMessageConfirm","confirm":"7e29f09d-bdfa-406b-aa3f-8a15f7b864e3","ts":"2025-06-17T05:43:43.280-04:00","source":{"id":"0","name":"eventBus"}}
{"__type":"$$EventMessageWorkflow","id":"711c4a46-7b6e-4149-b5ca-66a5865ab478","ts":"2025-06-17T05:43:50.566-04:00","eventName":"n8n.workflow.started","message":"n8n.workflow.started","payload":{"executionId":"146","workflowId":"FDv1up6hFWzCsVyH","isManual":false,"workflowName":"Custom Node"}}
{"__type":"$$EventMessageConfirm","confirm":"711c4a46-7b6e-4149-b5ca-66a5865ab478","ts":"2025-06-17T05:43:50.567-04:00","source":{"id":"0","name":"eventBus"}}
{"__type":"$$EventMessageNode","id":"29889593-d048-44f7-96ce-301e75e1e83a","ts":"2025-06-17T05:43:50.568-04:00","eventName":"n8n.node.started","message":"n8n.node.started","payload":{"workflowId":"FDv1up6hFWzCsVyH","workflowName":"Custom Node","executionId":"146","nodeType":"CUSTOM.CityWeather","nodeName":"City Weather"}}
{"__type":"$$EventMessageConfirm","confirm":"29889593-d048-44f7-96ce-301e75e1e83a","ts":"2025-06-17T05:43:50.569-04:00","source":{"id":"0","name":"eventBus"}}
{"__type":"$$EventMessageNode","id":"9d0a4e6e-2bb7-41c7-9698-d8a637d0244d","ts":"2025-06-17T05:43:50.672-04:00","eventName":"n8n.node.finished","message":"n8n.node.finished","payload":{"workflowId":"FDv1up6hFWzCsVyH","workflowName":"Custom Node","executionId":"146","nodeType":"CUSTOM.CityWeather","nodeName":"City Weather"}}
{"__type":"$$EventMessageConfirm","confirm":"9d0a4e6e-2bb7-41c7-9698-d8a637d0244d","ts":"2025-06-17T05:43:50.672-04:00","source":{"id":"0","name":"eventBus"}}
{"__type":"$$EventMessageWorkflow","id":"cc959fba-507c-42a6-9de9-f30abd55e217","ts":"2025-06-17T05:43:50.674-04:00","eventName":"n8n.workflow.success","message":"n8n.workflow.success","payload":{"executionId":"146","userId":"177d7beb-9df2-4f7e-a3a1-f40276ca3c97","success":true,"isManual":true,"workflowId":"FDv1up6hFWzCsVyH","workflowName":"Custom Node"}}
{"__type":"$$EventMessageConfirm","confirm":"cc959fba-507c-42a6-9de9-f30abd55e217","ts":"2025-06-17T05:43:50.674-04:00","source":{"id":"0","name":"eventBus"}}
{"__type":"$$EventMessageWorkflow","id":"47246189-875e-49d9-b044-3768fbc3b065","ts":"2025-06-17T05:44:06.747-04:00","eventName":"n8n.workflow.started","message":"n8n.workflow.started","payload":{"executionId":"147","workflowId":"FDv1up6hFWzCsVyH","isManual":false,"workflowName":"Custom Node"}}
{"__type":"$$EventMessageConfirm","confirm":"47246189-875e-49d9-b044-3768fbc3b065","ts":"2025-06-17T05:44:06.747-04:00","source":{"id":"0","name":"eventBus"}}
{"__type":"$$EventMessageNode","id":"cba24659-3010-48e5-bbf8-8a8053fb4bb3","ts":"2025-06-17T05:44:06.748-04:00","eventName":"n8n.node.started","message":"n8n.node.started","payload":{"workflowId":"FDv1up6hFWzCsVyH","workflowName":"Custom Node","executionId":"147","nodeType":"CUSTOM.CityWeather","nodeName":"City Weather"}}
{"__type":"$$EventMessageConfirm","confirm":"cba24659-3010-48e5-bbf8-8a8053fb4bb3","ts":"2025-06-17T05:44:06.748-04:00","source":{"id":"0","name":"eventBus"}}
{"__type":"$$EventMessageNode","id":"2af90a5f-5225-4c57-9c14-07b9e7c24d58","ts":"2025-06-17T05:44:06.853-04:00","eventName":"n8n.node.finished","message":"n8n.node.finished","payload":{"workflowId":"FDv1up6hFWzCsVyH","workflowName":"Custom Node","executionId":"147","nodeType":"CUSTOM.CityWeather","nodeName":"City Weather"}}
{"__type":"$$EventMessageConfirm","confirm":"2af90a5f-5225-4c57-9c14-07b9e7c24d58","ts":"2025-06-17T05:44:06.853-04:00","source":{"id":"0","name":"eventBus"}}
{"__type":"$$EventMessageWorkflow","id":"e0d2fd8b-cd2c-41f8-98f9-13032baec3f0","ts":"2025-06-17T05:44:06.854-04:00","eventName":"n8n.workflow.success","message":"n8n.workflow.success","payload":{"executionId":"147","userId":"177d7beb-9df2-4f7e-a3a1-f40276ca3c97","success":true,"isManual":true,"workflowId":"FDv1up6hFWzCsVyH","workflowName":"Custom Node"}}
{"__type":"$$EventMessageConfirm","confirm":"e0d2fd8b-cd2c-41f8-98f9-13032baec3f0","ts":"2025-06-17T05:44:06.854-04:00","source":{"id":"0","name":"eventBus"}}
{"__type":"$$EventMessageWorkflow","id":"e6fc683d-f460-4d30-94b6-ecbe9871e572","ts":"2025-06-17T05:44:21.208-04:00","eventName":"n8n.workflow.started","message":"n8n.workflow.started","payload":{"executionId":"148","workflowId":"FDv1up6hFWzCsVyH","isManual":false,"workflowName":"Custom Node"}}
{"__type":"$$EventMessageConfirm","confirm":"e6fc683d-f460-4d30-94b6-ecbe9871e572","ts":"2025-06-17T05:44:21.208-04:00","source":{"id":"0","name":"eventBus"}}
{"__type":"$$EventMessageNode","id":"0cabdba1-5d42-472e-a098-3abaf33d10c4","ts":"2025-06-17T05:44:21.210-04:00","eventName":"n8n.node.started","message":"n8n.node.started","payload":{"workflowId":"FDv1up6hFWzCsVyH","workflowName":"Custom Node","executionId":"148","nodeType":"CUSTOM.CityWeather","nodeName":"City Weather"}}
{"__type":"$$EventMessageConfirm","confirm":"0cabdba1-5d42-472e-a098-3abaf33d10c4","ts":"2025-06-17T05:44:21.210-04:00","source":{"id":"0","name":"eventBus"}}
{"__type":"$$EventMessageNode","id":"38e6035b-9724-4dc1-ba0c-74a3a78eebb1","ts":"2025-06-17T05:44:21.320-04:00","eventName":"n8n.node.finished","message":"n8n.node.finished","payload":{"workflowId":"FDv1up6hFWzCsVyH","workflowName":"Custom Node","executionId":"148","nodeType":"CUSTOM.CityWeather","nodeName":"City Weather"}}
{"__type":"$$EventMessageConfirm","confirm":"38e6035b-9724-4dc1-ba0c-74a3a78eebb1","ts":"2025-06-17T05:44:21.320-04:00","source":{"id":"0","name":"eventBus"}}
{"__type":"$$EventMessageWorkflow","id":"8affb669-11dc-4aec-bc6b-a7ea4a4c7767","ts":"2025-06-17T05:44:21.322-04:00","eventName":"n8n.workflow.success","message":"n8n.workflow.success","payload":{"executionId":"148","userId":"177d7beb-9df2-4f7e-a3a1-f40276ca3c97","success":true,"isManual":true,"workflowId":"FDv1up6hFWzCsVyH","workflowName":"Custom Node"}}
{"__type":"$$EventMessageConfirm","confirm":"8affb669-11dc-4aec-bc6b-a7ea4a4c7767","ts":"2025-06-17T05:44:21.322-04:00","source":{"id":"0","name":"eventBus"}}
{"__type":"$$EventMessageWorkflow","id":"18198322-dd06-4346-ba5f-1a6afe4bebb3","ts":"2025-06-17T05:44:51.352-04:00","eventName":"n8n.workflow.started","message":"n8n.workflow.started","payload":{"executionId":"149","workflowId":"FDv1up6hFWzCsVyH","isManual":false,"workflowName":"Custom Node"}}
{"__type":"$$EventMessageConfirm","confirm":"18198322-dd06-4346-ba5f-1a6afe4bebb3","ts":"2025-06-17T05:44:51.363-04:00","source":{"id":"0","name":"eventBus"}}
{"__type":"$$EventMessageNode","id":"2c6773d1-19b8-4a73-b547-8284a4bb7de9","ts":"2025-06-17T05:44:51.363-04:00","eventName":"n8n.node.started","message":"n8n.node.started","payload":{"workflowId":"FDv1up6hFWzCsVyH","workflowName":"Custom Node","executionId":"149","nodeType":"n8n-nodes-base.manualTrigger","nodeName":"When clicking ‘Execute workflow’"}}
{"__type":"$$EventMessageConfirm","confirm":"2c6773d1-19b8-4a73-b547-8284a4bb7de9","ts":"2025-06-17T05:44:51.364-04:00","source":{"id":"0","name":"eventBus"}}
{"__type":"$$EventMessageNode","id":"37365252-defc-48f7-851a-8794c67d8979","ts":"2025-06-17T05:44:51.365-04:00","eventName":"n8n.node.finished","message":"n8n.node.finished","payload":{"workflowId":"FDv1up6hFWzCsVyH","workflowName":"Custom Node","executionId":"149","nodeType":"n8n-nodes-base.manualTrigger","nodeName":"When clicking ‘Execute workflow’"}}
{"__type":"$$EventMessageConfirm","confirm":"37365252-defc-48f7-851a-8794c67d8979","ts":"2025-06-17T05:44:51.365-04:00","source":{"id":"0","name":"eventBus"}}
{"__type":"$$EventMessageNode","id":"4ab4572f-13da-4135-b7a5-7bc7fc70da02","ts":"2025-06-17T05:44:51.366-04:00","eventName":"n8n.node.started","message":"n8n.node.started","payload":{"workflowId":"FDv1up6hFWzCsVyH","workflowName":"Custom Node","executionId":"149","nodeType":"CUSTOM.CityWeather","nodeName":"City Weather"}}
{"__type":"$$EventMessageConfirm","confirm":"4ab4572f-13da-4135-b7a5-7bc7fc70da02","ts":"2025-06-17T05:44:51.366-04:00","source":{"id":"0","name":"eventBus"}}
{"__type":"$$EventMessageNode","id":"972f11d7-0585-4306-915b-322ef21d658c","ts":"2025-06-17T05:44:51.464-04:00","eventName":"n8n.node.finished","message":"n8n.node.finished","payload":{"workflowId":"FDv1up6hFWzCsVyH","workflowName":"Custom Node","executionId":"149","nodeType":"CUSTOM.CityWeather","nodeName":"City Weather"}}
{"__type":"$$EventMessageConfirm","confirm":"972f11d7-0585-4306-915b-322ef21d658c","ts":"2025-06-17T05:44:51.464-04:00","source":{"id":"0","name":"eventBus"}}
{"__type":"$$EventMessageWorkflow","id":"b2953de2-0092-4a02-a156-610d86049c6e","ts":"2025-06-17T05:44:51.465-04:00","eventName":"n8n.workflow.success","message":"n8n.workflow.success","payload":{"executionId":"149","userId":"177d7beb-9df2-4f7e-a3a1-f40276ca3c97","success":true,"isManual":true,"workflowId":"FDv1up6hFWzCsVyH","workflowName":"Custom Node"}}
{"__type":"$$EventMessageConfirm","confirm":"b2953de2-0092-4a02-a156-610d86049c6e","ts":"2025-06-17T05:44:51.465-04:00","source":{"id":"0","name":"eventBus"}}
